\BOOKMARK [1][-]{section.1}{\376\377\000I\000n\000t\000r\000o\000d\000u\000c\000t\000i\000o\000n\000\040\000a\000n\000d\000\040\000O\000b\000j\000e\000c\000t\000i\000v\000e\000s}{}% 1
\BOOKMARK [1][-]{section.2}{\376\377\000P\000h\000y\000s\000i\000c\000a\000l\000\040\000S\000y\000s\000t\000e\000m\000\040\000a\000n\000d\000\040\000A\000s\000s\000u\000m\000p\000t\000i\000o\000n\000s}{}% 2
\BOOKMARK [2][-]{subsection.2.1}{\376\377\000B\000a\000l\000l}{section.2}% 3
\BOOKMARK [2][-]{subsection.2.2}{\376\377\000B\000a\000l\000l\040\023\000T\000a\000b\000l\000e\000\040\000C\000o\000n\000t\000a\000c\000t}{section.2}% 4
\BOOKMARK [2][-]{subsection.2.3}{\376\377\000T\000a\000b\000l\000e\000\040\000a\000n\000d\000\040\000L\000e\000g\000s}{section.2}% 5
\BOOKMARK [2][-]{subsection.2.4}{\376\377\000F\000l\000o\000o\000r\000\040\000/\000\040\000S\000u\000p\000p\000o\000r\000t}{section.2}% 6
\BOOKMARK [2][-]{subsection.2.5}{\376\377\000W\000h\000a\000t\000\040\000I\000s\000\040\000I\000n\000t\000e\000n\000t\000i\000o\000n\000a\000l\000l\000y\000\040\000N\000o\000t\000\040\000M\000o\000d\000e\000l\000e\000d}{section.2}% 7
\BOOKMARK [1][-]{section.3}{\376\377\000D\000e\000g\000r\000e\000e\000s\000\040\000o\000f\000\040\000F\000r\000e\000e\000d\000o\000m}{}% 8
\BOOKMARK [1][-]{section.4}{\376\377\000C\000o\000n\000t\000a\000c\000t\000\040\000G\000e\000o\000m\000e\000t\000r\000y}{}% 9
\BOOKMARK [1][-]{section.5}{\376\377\000F\000o\000r\000c\000e\000s\000\040\000D\000u\000r\000i\000n\000g\000\040\000C\000o\000n\000t\000a\000c\000t}{}% 10
\BOOKMARK [2][-]{subsection.5.1}{\376\377\000N\000o\000r\000m\000a\000l\000\040\000\050\000V\000e\000r\000t\000i\000c\000a\000l\000\051\000\040\000C\000o\000n\000t\000a\000c\000t\000\040\000F\000o\000r\000c\000e}{section.5}% 11
\BOOKMARK [2][-]{subsection.5.2}{\376\377\000T\000a\000n\000g\000e\000n\000t\000i\000a\000l\000\040\000\050\000F\000r\000i\000c\000t\000i\000o\000n\000a\000l\000\051\000\040\000C\000o\000n\000t\000a\000c\000t\000\040\000F\000o\000r\000c\000e}{section.5}% 12
\BOOKMARK [3][-]{subsubsection.5.2.1}{\376\377\000S\000l\000i\000p\000\040\000V\000e\000l\000o\000c\000i\000t\000y}{subsection.5.2}% 13
\BOOKMARK [3][-]{subsubsection.5.2.2}{\376\377\000F\000r\000i\000c\000t\000i\000o\000n\000\040\000F\000o\000r\000c\000e}{subsection.5.2}% 14
\BOOKMARK [3][-]{subsubsection.5.2.3}{\376\377\000E\000f\000f\000e\000c\000t\000\040\000o\000n\000\040\000T\000r\000a\000n\000s\000l\000a\000t\000i\000o\000n\000\040\000a\000n\000d\000\040\000S\000p\000i\000n}{subsection.5.2}% 15
\BOOKMARK [1][-]{section.6}{\376\377\000E\000q\000u\000a\000t\000i\000o\000n\000s\000\040\000o\000f\000\040\000M\000o\000t\000i\000o\000n}{}% 16
\BOOKMARK [2][-]{subsection.6.1}{\376\377\000B\000a\000l\000l\000\040\040\024\000\040\000V\000e\000r\000t\000i\000c\000a\000l}{section.6}% 17
\BOOKMARK [2][-]{subsection.6.2}{\376\377\000B\000a\000l\000l\000\040\040\024\000\040\000H\000o\000r\000i\000z\000o\000n\000t\000a\000l}{section.6}% 18
\BOOKMARK [2][-]{subsection.6.3}{\376\377\000B\000a\000l\000l\000\040\040\024\000\040\000S\000p\000i\000n}{section.6}% 19
\BOOKMARK [2][-]{subsection.6.4}{\376\377\000T\000a\000b\000l\000e\000\040\040\024\000\040\000V\000e\000r\000t\000i\000c\000a\000l}{section.6}% 20
\BOOKMARK [1][-]{section.7}{\376\377\000S\000u\000m\000m\000a\000r\000y\000\040\000o\000f\000\040\000t\000h\000e\000\040\000O\000D\000E\000\040\000S\000y\000s\000t\000e\000m}{}% 21
\BOOKMARK [1][-]{section.8}{\376\377\000E\000n\000e\000r\000g\000y\000\040\000C\000o\000n\000s\000i\000d\000e\000r\000a\000t\000i\000o\000n\000s}{}% 22
\BOOKMARK [1][-]{section.9}{\376\377\000M\000o\000d\000e\000l\000\040\000P\000a\000r\000a\000m\000e\000t\000e\000r\000s}{}% 23
\BOOKMARK [2][-]{subsection.9.1}{\376\377\000C\000a\000l\000i\000b\000r\000a\000t\000e\000d\000\040\000V\000a\000l\000u\000e\000s}{section.9}% 24
\BOOKMARK [2][-]{subsection.9.2}{\376\377\000S\000i\000m\000u\000l\000a\000t\000i\000o\000n\000\040\000S\000c\000e\000n\000a\000r\000i\000o}{section.9}% 25
\BOOKMARK [1][-]{section.10}{\376\377\000N\000u\000m\000e\000r\000i\000c\000a\000l\000\040\000S\000o\000l\000u\000t\000i\000o\000n\000\040\000S\000t\000r\000a\000t\000e\000g\000y}{}% 26
\BOOKMARK [1][-]{section.11}{\376\377\000S\000i\000m\000u\000l\000a\000t\000i\000o\000n\000\040\000O\000u\000t\000p\000u\000t\000s}{}% 27
\BOOKMARK [2][-]{subsection.11.1}{\376\377\000F\000l\000o\000o\000r\000\040\000C\000o\000m\000p\000a\000r\000i\000s\000o\000n\000\040\000\050\0004\000-\000p\000a\000n\000e\000l\000\040\000s\000t\000a\000t\000i\000c\000\040\000p\000l\000o\000t\000\051}{section.11}% 28
\BOOKMARK [2][-]{subsection.11.2}{\376\377\000B\000o\000u\000n\000c\000e\000\040\000A\000n\000i\000m\000a\000t\000i\000o\000n\000\040\000\050\000G\000I\000F\000\051}{section.11}% 29
\BOOKMARK [1][-]{section.12}{\376\377\000K\000e\000y\000\040\000F\000i\000n\000d\000i\000n\000g\000s}{}% 30
\BOOKMARK [2][-]{subsection.12.1}{\376\377\000F\000l\000o\000o\000r\000\040\000E\000f\000f\000e\000c\000t\000\040\000o\000n\000\040\000B\000a\000l\000l\000\040\000D\000y\000n\000a\000m\000i\000c\000s}{section.12}% 31
\BOOKMARK [2][-]{subsection.12.2}{\376\377\000F\000l\000o\000o\000r\000\040\000E\000f\000f\000e\000c\000t\000\040\000o\000n\000\040\000T\000a\000b\000l\000e\000\040\000R\000e\000s\000p\000o\000n\000s\000e}{section.12}% 32
\BOOKMARK [2][-]{subsection.12.3}{\376\377\000T\000o\000p\000s\000p\000i\000n\000\040\000E\000f\000f\000e\000c\000t}{section.12}% 33
\BOOKMARK [1][-]{section.13}{\376\377\000V\000a\000l\000i\000d\000a\000t\000i\000o\000n\000\040\000S\000u\000m\000m\000a\000r\000y}{}% 34
\BOOKMARK [1][-]{section.14}{\376\377\000I\000m\000p\000l\000e\000m\000e\000n\000t\000a\000t\000i\000o\000n}{}% 35
\BOOKMARK [1][-]{section.15}{\376\377\000F\000u\000t\000u\000r\000e\000\040\000E\000x\000t\000e\000n\000s\000i\000o\000n\000s}{}% 36
